Run started at 2026-01-27T10:15:23Z
============================= test session starts ==============================
platform linux -- Python 3.11.4, pytest-7.4.0, pluggy-1.2.0
rootdir: /home/runner/work/myapp/myapp
collected 47 items

tests/test_auth.py ....                                                  [  8%]
tests/test_api.py ........                                               [ 25%]
tests/test_user_service.py ...F..                                        [ 38%]
tests/test_notifications.py ......                                       [ 51%]
tests/test_utils.py ....................                                 [ 93%]
tests/test_models.py ...                                                 [100%]

=================================== FAILURES ===================================
________________________ test_send_notification_to_user ________________________

    def test_send_notification_to_user():
        user = get_user_by_id(999)  # Non-existent user
>       result = send_notification(user, "Hello!")
E       TypeError: 'NoneType' object has no attribute 'email'

tests/test_user_service.py:47: TypeError
----------------------------- Captured stdout call -----------------------------
Fetching user 999...
User not found in database
=========================== short test summary info ============================
FAILED tests/test_user_service.py::test_send_notification_to_user - TypeError: 'NoneType' object has no attribute 'email'
============================== 1 failed, 46 passed in 2.34s ====================
Error: Process completed with exit code 1.
